<?xml version="1.0" encoding="UTF-8"?>
<testsuite name="censusanalyser.CensusAnalyserTest" tests="1" skipped="0" failures="0" errors="0" timestamp="2020-12-14T15:44:07" hostname="DESKTOP-J9DM2GE" time="0.202">
  <properties/>
  <testcase name="givenIndianCensusData_WhenSortedbyPopulation_ShouldReturnSortedResult" classname="censusanalyser.CensusAnalyserTest" time="0.202"/>
  <system-out><![CDATA[]]></system-out>
  <system-err><![CDATA[]]></system-err>
</testsuite>
