<?xml version="1.0" encoding="UTF-8"?>
<testsuite name="censusanalyser.CensusAnalyserTest" tests="15" skipped="0" failures="0" errors="0" timestamp="2020-12-15T10:40:39" hostname="DESKTOP-J9DM2GE" time="0.5">
  <properties/>
  <testcase name="givenIndiaStateCodeData_WithWrongFile_ShouldThrowException" classname="censusanalyser.CensusAnalyserTest" time="0.01"/>
  <testcase name="givenIndianStateCode_Delimiter_Incorrect_CSVFile_ReturnsCustomException" classname="censusanalyser.CensusAnalyserTest" time="0.069"/>
  <testcase name="givenIndianCensusCSVFileReturnsCorrectRecords" classname="censusanalyser.CensusAnalyserTest" time="0.141"/>
  <testcase name="givenIndianStateCodeData_WhenSortedbyStateCode_ShouldReturnSortedResult" classname="censusanalyser.CensusAnalyserTest" time="0.002"/>
  <testcase name="givenIndianCensusData_WhenSortedbyPopulationDensity_ShouldReturnSortedResult" classname="censusanalyser.CensusAnalyserTest" time="0.123"/>
  <testcase name="givenIndianCensusData_Delimiter_Incorrect_CSVFile_ReturnsCustomException" classname="censusanalyser.CensusAnalyserTest" time="0.064"/>
  <testcase name="givenIndianStateCode_Wrong_Header_CSVFile_ReturnsCustomException" classname="censusanalyser.CensusAnalyserTest" time="0.001"/>
  <testcase name="givenIndianCensusData_WhenSortedonState_ShouldReturnSortedResult" classname="censusanalyser.CensusAnalyserTest" time="0.043"/>
  <testcase name="givenIndianStateCodeCSVFileReturnsCorrectRecords" classname="censusanalyser.CensusAnalyserTest" time="0.001"/>
  <testcase name="givenIndianCensusData_Wrong_Header_CSVFile_ReturnsCustomException" classname="censusanalyser.CensusAnalyserTest" time="0.013"/>
  <testcase name="givenIndianStateCode_wrongCSVFileType_ReturnsCustomException" classname="censusanalyser.CensusAnalyserTest" time="0.0"/>
  <testcase name="givenIndianCensusData_WhenSortedbyArea_ShouldReturnSortedResult" classname="censusanalyser.CensusAnalyserTest" time="0.016"/>
  <testcase name="givenIndianCensusData_WhenSortedbyPopulation_ShouldReturnSortedResult" classname="censusanalyser.CensusAnalyserTest" time="0.013"/>
  <testcase name="givenIndiaCensusData_WithWrongFile_ShouldThrowException" classname="censusanalyser.CensusAnalyserTest" time="0.0"/>
  <testcase name="givenIndianCensusData_WrongCSVFileType_ReturnsCustomException" classname="censusanalyser.CensusAnalyserTest" time="0.0"/>
  <system-out><![CDATA[]]></system-out>
  <system-err><![CDATA[]]></system-err>
</testsuite>
